<?xml version="1.0" ?>
<coverage version="5.3.1" timestamp="1611218514725" lines-valid="1981" lines-covered="308" line-rate="0.1555" branches-valid="540" branches-covered="33" branch-rate="0.06111" complexity="0">
	<!-- Generated by coverage.py: https://coverage.readthedocs.io -->
	<!-- Based on https://raw.githubusercontent.com/cobertura/web/master/htdocs/xml/coverage-04.dtd -->
	<sources>
		<source>/run/media/remyb/Data/Programmation/2020 - 2021/Cours ENAC/python/Projet_Info_2020/Projet_Info_ENAC_1A</source>
	</sources>
	<packages>
		<package name="." line-rate="0.1555" branch-rate="0.06111" complexity="0">
			<classes>
				<class name="annuaire.py" filename="annuaire.py" complexity="0" line-rate="1" branch-rate="1">
					<methods/>
					<lines>
						<line number="3" hits="1"/>
						<line number="5" hits="1"/>
						<line number="12" hits="1"/>
						<line number="13" hits="1"/>
						<line number="14" hits="1"/>
						<line number="15" hits="1"/>
						<line number="17" hits="1"/>
						<line number="19" hits="1"/>
						<line number="21" hits="1"/>
						<line number="30" hits="1"/>
						<line number="32" hits="1"/>
						<line number="38" hits="1"/>
						<line number="40" hits="1"/>
						<line number="46" hits="1"/>
						<line number="48" hits="1"/>
						<line number="54" hits="1"/>
						<line number="56" hits="1"/>
						<line number="58" hits="1"/>
						<line number="60" hits="1"/>
						<line number="75" hits="1"/>
						<line number="76" hits="1"/>
						<line number="77" hits="1"/>
						<line number="78" hits="1"/>
						<line number="79" hits="1"/>
						<line number="80" hits="1"/>
						<line number="81" hits="1"/>
						<line number="83" hits="1"/>
						<line number="84" hits="1"/>
						<line number="85" hits="1"/>
						<line number="86" hits="1"/>
						<line number="87" hits="1"/>
						<line number="88" hits="1"/>
						<line number="89" hits="1"/>
						<line number="90" hits="1"/>
						<line number="92" hits="1"/>
						<line number="102" hits="1"/>
						<line number="104" hits="1"/>
						<line number="109" hits="1"/>
						<line number="110" hits="1"/>
						<line number="112" hits="1"/>
						<line number="132" hits="1"/>
						<line number="133" hits="1"/>
						<line number="134" hits="1"/>
						<line number="135" hits="1"/>
						<line number="136" hits="1"/>
						<line number="138" hits="1"/>
						<line number="139" hits="1"/>
						<line number="140" hits="1"/>
						<line number="141" hits="1"/>
						<line number="142" hits="1"/>
						<line number="143" hits="1"/>
						<line number="144" hits="1"/>
						<line number="145" hits="1"/>
						<line number="147" hits="1"/>
						<line number="149" hits="1"/>
						<line number="150" hits="1"/>
						<line number="152" hits="1"/>
						<line number="154" hits="1"/>
						<line number="156" hits="1"/>
						<line number="159" hits="1"/>
						<line number="160" hits="1"/>
						<line number="162" hits="1"/>
						<line number="163" hits="1"/>
						<line number="164" hits="1"/>
						<line number="165" hits="1"/>
						<line number="167" hits="1"/>
						<line number="169" hits="1"/>
						<line number="170" hits="1"/>
						<line number="172" hits="1"/>
						<line number="173" hits="1"/>
						<line number="174" hits="1"/>
						<line number="175" hits="1"/>
						<line number="177" hits="1"/>
						<line number="186" hits="1"/>
						<line number="188" hits="1"/>
						<line number="194" hits="1" branch="true" condition-coverage="100% (2/2)"/>
						<line number="195" hits="1"/>
						<line number="196" hits="1"/>
						<line number="198" hits="1"/>
						<line number="212" hits="1"/>
						<line number="213" hits="1"/>
						<line number="215" hits="1"/>
						<line number="216" hits="1"/>
						<line number="217" hits="1"/>
						<line number="218" hits="1"/>
						<line number="219" hits="1"/>
						<line number="220" hits="1" branch="true" condition-coverage="100% (2/2)"/>
						<line number="221" hits="1" branch="true" condition-coverage="100% (2/2)"/>
						<line number="222" hits="1"/>
						<line number="223" hits="1"/>
						<line number="225" hits="1"/>
						<line number="226" hits="1"/>
						<line number="227" hits="1"/>
						<line number="228" hits="1"/>
						<line number="229" hits="1"/>
						<line number="230" hits="1"/>
						<line number="231" hits="1" branch="true" condition-coverage="100% (2/2)"/>
						<line number="232" hits="1"/>
						<line number="233" hits="1"/>
						<line number="235" hits="1"/>
						<line number="244" hits="1"/>
						<line number="246" hits="1"/>
						<line number="254" hits="1"/>
						<line number="255" hits="1"/>
						<line number="256" hits="1"/>
						<line number="257" hits="1"/>
						<line number="259" hits="1"/>
						<line number="265" hits="1"/>
						<line number="267" hits="1"/>
						<line number="279" hits="1"/>
						<line number="280" hits="1" branch="true" condition-coverage="100% (2/2)"/>
						<line number="281" hits="1"/>
						<line number="282" hits="1" branch="true" condition-coverage="100% (2/2)"/>
						<line number="283" hits="1"/>
						<line number="284" hits="1"/>
						<line number="285" hits="1"/>
						<line number="286" hits="1" branch="true" condition-coverage="100% (2/2)"/>
						<line number="287" hits="1"/>
						<line number="289" hits="1"/>
						<line number="290" hits="1"/>
						<line number="291" hits="1" branch="true" condition-coverage="100% (2/2)"/>
						<line number="292" hits="1"/>
						<line number="293" hits="1" branch="true" condition-coverage="100% (2/2)"/>
						<line number="294" hits="1"/>
						<line number="295" hits="1"/>
						<line number="296" hits="1"/>
						<line number="297" hits="1" branch="true" condition-coverage="100% (2/2)"/>
						<line number="298" hits="1"/>
						<line number="300" hits="1"/>
						<line number="301" hits="1"/>
						<line number="303" hits="1" branch="true" condition-coverage="100% (2/2)"/>
						<line number="304" hits="1"/>
						<line number="306" hits="1"/>
						<line number="312" hits="1"/>
						<line number="314" hits="1"/>
						<line number="319" hits="1"/>
						<line number="321" hits="1"/>
						<line number="326" hits="1"/>
						<line number="328" hits="1"/>
						<line number="338" hits="1" branch="true" condition-coverage="100% (2/2)"/>
						<line number="339" hits="1"/>
						<line number="341" hits="1"/>
						<line number="343" hits="1"/>
						<line number="352" hits="1"/>
						<line number="353" hits="1"/>
						<line number="355" hits="1"/>
						<line number="356" hits="1"/>
						<line number="357" hits="1" branch="true" condition-coverage="100% (2/2)"/>
						<line number="358" hits="1"/>
						<line number="359" hits="1"/>
						<line number="361" hits="1"/>
						<line number="366" hits="1"/>
						<line number="368" hits="1"/>
						<line number="373" hits="1"/>
						<line number="375" hits="1"/>
						<line number="381" hits="1"/>
						<line number="383" hits="1"/>
						<line number="394" hits="1" branch="true" condition-coverage="100% (2/2)"/>
						<line number="395" hits="1"/>
						<line number="396" hits="1" branch="true" condition-coverage="100% (2/2)"/>
						<line number="397" hits="1"/>
						<line number="399" hits="1"/>
						<line number="401" hits="1"/>
						<line number="407" hits="1"/>
					</lines>
				</class>
				<class name="backend.py" filename="backend.py" complexity="0" line-rate="0" branch-rate="0">
					<methods/>
					<lines>
						<line number="3" hits="0"/>
						<line number="4" hits="0"/>
						<line number="5" hits="0"/>
						<line number="6" hits="0"/>
						<line number="7" hits="0"/>
						<line number="8" hits="0"/>
						<line number="9" hits="0"/>
						<line number="11" hits="0"/>
						<line number="14" hits="0"/>
						<line number="15" hits="0"/>
						<line number="16" hits="0"/>
						<line number="17" hits="0"/>
						<line number="19" hits="0"/>
						<line number="20" hits="0"/>
						<line number="21" hits="0"/>
						<line number="22" hits="0"/>
						<line number="23" hits="0"/>
						<line number="24" hits="0" branch="true" condition-coverage="0% (0/2)" missing-branches="exit,25"/>
						<line number="25" hits="0" branch="true" condition-coverage="0% (0/2)" missing-branches="exit,26"/>
						<line number="26" hits="0" branch="true" condition-coverage="0% (0/2)" missing-branches="exit,exit"/>
						<line number="28" hits="0"/>
						<line number="43" hits="0"/>
						<line number="44" hits="0"/>
						<line number="45" hits="0"/>
						<line number="46" hits="0"/>
						<line number="47" hits="0"/>
						<line number="48" hits="0"/>
						<line number="49" hits="0"/>
						<line number="50" hits="0"/>
						<line number="51" hits="0"/>
						<line number="52" hits="0" branch="true" condition-coverage="0% (0/2)" missing-branches="53,54"/>
						<line number="53" hits="0"/>
						<line number="54" hits="0"/>
						<line number="56" hits="0"/>
						<line number="62" hits="0"/>
						<line number="63" hits="0" branch="true" condition-coverage="0% (0/2)" missing-branches="exit,64"/>
						<line number="64" hits="0" branch="true" condition-coverage="0% (0/2)" missing-branches="65,66"/>
						<line number="65" hits="0"/>
						<line number="66" hits="0" branch="true" condition-coverage="0% (0/2)" missing-branches="67,69"/>
						<line number="67" hits="0"/>
						<line number="69" hits="0"/>
						<line number="71" hits="0"/>
						<line number="72" hits="0" branch="true" condition-coverage="0% (0/2)" missing-branches="73,76"/>
						<line number="73" hits="0"/>
						<line number="74" hits="0"/>
						<line number="76" hits="0"/>
						<line number="77" hits="0"/>
						<line number="78" hits="0"/>
						<line number="79" hits="0"/>
						<line number="80" hits="0"/>
						<line number="81" hits="0"/>
						<line number="82" hits="0"/>
						<line number="84" hits="0"/>
						<line number="85" hits="0" branch="true" condition-coverage="0% (0/2)" missing-branches="86,92"/>
						<line number="86" hits="0"/>
						<line number="87" hits="0"/>
						<line number="88" hits="0"/>
						<line number="89" hits="0" branch="true" condition-coverage="0% (0/2)" missing-branches="90,93"/>
						<line number="90" hits="0"/>
						<line number="92" hits="0"/>
						<line number="93" hits="0"/>
						<line number="95" hits="0"/>
						<line number="96" hits="0"/>
						<line number="97" hits="0"/>
						<line number="98" hits="0"/>
						<line number="99" hits="0" branch="true" condition-coverage="0% (0/2)" missing-branches="exit,100"/>
						<line number="100" hits="0"/>
						<line number="102" hits="0"/>
						<line number="104" hits="0" branch="true" condition-coverage="0% (0/2)" missing-branches="exit,105"/>
						<line number="105" hits="0"/>
						<line number="106" hits="0"/>
						<line number="108" hits="0"/>
						<line number="110" hits="0" branch="true" condition-coverage="0% (0/2)" missing-branches="exit,111"/>
						<line number="111" hits="0"/>
						<line number="112" hits="0"/>
						<line number="114" hits="0"/>
						<line number="121" hits="0" branch="true" condition-coverage="0% (0/2)" missing-branches="exit,122"/>
						<line number="122" hits="0"/>
						<line number="123" hits="0"/>
						<line number="127" hits="0"/>
						<line number="132" hits="0"/>
						<line number="133" hits="0" branch="true" condition-coverage="0% (0/2)" missing-branches="exit,134"/>
						<line number="134" hits="0" branch="true" condition-coverage="0% (0/2)" missing-branches="135,137"/>
						<line number="135" hits="0"/>
						<line number="136" hits="0"/>
						<line number="137" hits="0"/>
						<line number="138" hits="0"/>
						<line number="139" hits="0"/>
						<line number="141" hits="0"/>
						<line number="148" hits="0"/>
						<line number="149" hits="0"/>
						<line number="150" hits="0" branch="true" condition-coverage="0% (0/2)" missing-branches="151,162"/>
						<line number="151" hits="0"/>
						<line number="152" hits="0" branch="true" condition-coverage="0% (0/2)" missing-branches="153,154"/>
						<line number="153" hits="0"/>
						<line number="154" hits="0" branch="true" condition-coverage="0% (0/2)" missing-branches="155,157"/>
						<line number="155" hits="0"/>
						<line number="156" hits="0"/>
						<line number="157" hits="0" branch="true" condition-coverage="0% (0/2)" missing-branches="158,160"/>
						<line number="158" hits="0"/>
						<line number="160" hits="0"/>
						<line number="162" hits="0" branch="true" condition-coverage="0% (0/2)" missing-branches="163,171"/>
						<line number="163" hits="0"/>
						<line number="164" hits="0" branch="true" condition-coverage="0% (0/2)" missing-branches="165,166"/>
						<line number="165" hits="0"/>
						<line number="166" hits="0" branch="true" condition-coverage="0% (0/2)" missing-branches="167,168"/>
						<line number="167" hits="0"/>
						<line number="168" hits="0" branch="true" condition-coverage="0% (0/2)" missing-branches="169,171"/>
						<line number="169" hits="0"/>
						<line number="170" hits="0"/>
						<line number="171" hits="0"/>
						<line number="173" hits="0"/>
						<line number="180" hits="0"/>
						<line number="181" hits="0" branch="true" condition-coverage="0% (0/2)" missing-branches="182,184"/>
						<line number="182" hits="0"/>
						<line number="183" hits="0"/>
						<line number="184" hits="0" branch="true" condition-coverage="0% (0/2)" missing-branches="185,186"/>
						<line number="185" hits="0"/>
						<line number="186" hits="0"/>
						<line number="187" hits="0"/>
						<line number="189" hits="0"/>
						<line number="198" hits="0"/>
						<line number="199" hits="0"/>
						<line number="200" hits="0"/>
						<line number="202" hits="0"/>
						<line number="209" hits="0" branch="true" condition-coverage="0% (0/2)" missing-branches="210,211"/>
						<line number="210" hits="0"/>
						<line number="211" hits="0" branch="true" condition-coverage="0% (0/2)" missing-branches="212,213"/>
						<line number="212" hits="0"/>
						<line number="213" hits="0"/>
						<line number="215" hits="0"/>
						<line number="223" hits="0"/>
						<line number="224" hits="0" branch="true" condition-coverage="0% (0/2)" missing-branches="225,226"/>
						<line number="225" hits="0"/>
						<line number="226" hits="0"/>
						<line number="227" hits="0"/>
						<line number="229" hits="0"/>
						<line number="231" hits="0" branch="true" condition-coverage="0% (0/2)" missing-branches="exit,232"/>
						<line number="232" hits="0"/>
						<line number="234" hits="0"/>
						<line number="240" hits="0"/>
						<line number="241" hits="0"/>
						<line number="242" hits="0"/>
						<line number="244" hits="0"/>
						<line number="254" hits="0" branch="true" condition-coverage="0% (0/2)" missing-branches="exit,255"/>
						<line number="255" hits="0" branch="true" condition-coverage="0% (0/2)" missing-branches="256,257"/>
						<line number="256" hits="0"/>
						<line number="257" hits="0" branch="true" condition-coverage="0% (0/2)" missing-branches="258,260"/>
						<line number="258" hits="0"/>
						<line number="260" hits="0"/>
						<line number="263" hits="0"/>
						<line number="264" hits="0" branch="true" condition-coverage="0% (0/2)" missing-branches="exit,265"/>
						<line number="265" hits="0" branch="true" condition-coverage="0% (0/2)" missing-branches="266,267"/>
						<line number="266" hits="0"/>
						<line number="267" hits="0"/>
						<line number="269" hits="0"/>
						<line number="270" hits="0" branch="true" condition-coverage="0% (0/2)" missing-branches="exit,271"/>
						<line number="271" hits="0"/>
						<line number="273" hits="0"/>
						<line number="282" hits="0" branch="true" condition-coverage="0% (0/2)" missing-branches="exit,283"/>
						<line number="283" hits="0" branch="true" condition-coverage="0% (0/2)" missing-branches="284,286"/>
						<line number="284" hits="0"/>
						<line number="286" hits="0"/>
						<line number="288" hits="0"/>
						<line number="294" hits="0"/>
						<line number="296" hits="0"/>
						<line number="308" hits="0"/>
						<line number="309" hits="0"/>
						<line number="310" hits="0"/>
						<line number="311" hits="0"/>
						<line number="313" hits="0"/>
						<line number="331" hits="0"/>
						<line number="332" hits="0"/>
						<line number="333" hits="0"/>
						<line number="334" hits="0"/>
						<line number="335" hits="0" branch="true" condition-coverage="0% (0/2)" missing-branches="336,338"/>
						<line number="336" hits="0"/>
						<line number="338" hits="0"/>
						<line number="339" hits="0"/>
						<line number="340" hits="0"/>
						<line number="342" hits="0"/>
						<line number="353" hits="0" branch="true" condition-coverage="0% (0/2)" missing-branches="354,361"/>
						<line number="354" hits="0"/>
						<line number="355" hits="0"/>
						<line number="356" hits="0" branch="true" condition-coverage="0% (0/2)" missing-branches="357,358"/>
						<line number="357" hits="0"/>
						<line number="358" hits="0" branch="true" condition-coverage="0% (0/2)" missing-branches="359,360"/>
						<line number="359" hits="0"/>
						<line number="360" hits="0"/>
						<line number="361" hits="0" branch="true" condition-coverage="0% (0/2)" missing-branches="exit,362"/>
						<line number="362" hits="0"/>
						<line number="363" hits="0"/>
						<line number="364" hits="0" branch="true" condition-coverage="0% (0/2)" missing-branches="365,366"/>
						<line number="365" hits="0"/>
						<line number="366" hits="0" branch="true" condition-coverage="0% (0/2)" missing-branches="367,368"/>
						<line number="367" hits="0"/>
						<line number="368" hits="0"/>
						<line number="369" hits="0" branch="true" condition-coverage="0% (0/2)" missing-branches="370,371"/>
						<line number="370" hits="0"/>
						<line number="371" hits="0"/>
						<line number="372" hits="0" branch="true" condition-coverage="0% (0/2)" missing-branches="373,374"/>
						<line number="373" hits="0"/>
						<line number="374" hits="0"/>
						<line number="376" hits="0"/>
						<line number="383" hits="0"/>
					</lines>
				</class>
				<class name="carte.py" filename="carte.py" complexity="0" line-rate="0" branch-rate="0">
					<methods/>
					<lines>
						<line number="3" hits="0"/>
						<line number="4" hits="0"/>
						<line number="5" hits="0"/>
						<line number="7" hits="0"/>
						<line number="8" hits="0"/>
						<line number="9" hits="0"/>
						<line number="11" hits="0"/>
						<line number="12" hits="0"/>
						<line number="13" hits="0"/>
						<line number="14" hits="0"/>
						<line number="15" hits="0"/>
						<line number="16" hits="0"/>
						<line number="17" hits="0"/>
						<line number="18" hits="0"/>
						<line number="19" hits="0"/>
						<line number="21" hits="0"/>
						<line number="24" hits="0"/>
						<line number="26" hits="0"/>
						<line number="27" hits="0"/>
						<line number="28" hits="0"/>
						<line number="29" hits="0"/>
						<line number="30" hits="0"/>
						<line number="31" hits="0"/>
						<line number="32" hits="0"/>
						<line number="33" hits="0"/>
						<line number="35" hits="0"/>
						<line number="36" hits="0"/>
						<line number="37" hits="0"/>
						<line number="38" hits="0"/>
						<line number="39" hits="0"/>
						<line number="41" hits="0"/>
						<line number="42" hits="0"/>
						<line number="44" hits="0"/>
						<line number="45" hits="0"/>
						<line number="46" hits="0"/>
						<line number="47" hits="0"/>
						<line number="48" hits="0"/>
						<line number="50" hits="0"/>
						<line number="51" hits="0"/>
						<line number="52" hits="0"/>
						<line number="54" hits="0"/>
						<line number="56" hits="0"/>
						<line number="57" hits="0"/>
						<line number="59" hits="0" branch="true" condition-coverage="0% (0/2)" missing-branches="exit,61"/>
						<line number="61" hits="0"/>
						<line number="63" hits="0"/>
						<line number="65" hits="0"/>
						<line number="69" hits="0"/>
						<line number="70" hits="0"/>
						<line number="73" hits="0"/>
						<line number="74" hits="0"/>
						<line number="75" hits="0"/>
						<line number="76" hits="0"/>
						<line number="77" hits="0"/>
						<line number="78" hits="0"/>
						<line number="80" hits="0" branch="true" condition-coverage="0% (0/2)" missing-branches="81,85"/>
						<line number="81" hits="0"/>
						<line number="82" hits="0"/>
						<line number="85" hits="0" branch="true" condition-coverage="0% (0/2)" missing-branches="86,95"/>
						<line number="86" hits="0"/>
						<line number="87" hits="0"/>
						<line number="88" hits="0" branch="true" condition-coverage="0% (0/2)" missing-branches="89,91"/>
						<line number="89" hits="0"/>
						<line number="90" hits="0"/>
						<line number="91" hits="0" branch="true" condition-coverage="0% (0/2)" missing-branches="85,92"/>
						<line number="92" hits="0"/>
						<line number="93" hits="0"/>
						<line number="95" hits="0" branch="true" condition-coverage="0% (0/2)" missing-branches="96,99"/>
						<line number="96" hits="0"/>
						<line number="97" hits="0"/>
						<line number="99" hits="0" branch="true" condition-coverage="0% (0/2)" missing-branches="100,103"/>
						<line number="100" hits="0"/>
						<line number="101" hits="0"/>
						<line number="103" hits="0" branch="true" condition-coverage="0% (0/2)" missing-branches="104,106"/>
						<line number="104" hits="0"/>
						<line number="106" hits="0" branch="true" condition-coverage="0% (0/2)" missing-branches="exit,107"/>
						<line number="107" hits="0"/>
						<line number="108" hits="0"/>
						<line number="110" hits="0"/>
						<line number="112" hits="0"/>
						<line number="114" hits="0"/>
						<line number="116" hits="0"/>
						<line number="118" hits="0"/>
						<line number="121" hits="0"/>
						<line number="122" hits="0" branch="true" condition-coverage="0% (0/2)" missing-branches="exit,124"/>
						<line number="124" hits="0" branch="true" condition-coverage="0% (0/2)" missing-branches="125,127"/>
						<line number="125" hits="0"/>
						<line number="127" hits="0"/>
						<line number="128" hits="0"/>
						<line number="129" hits="0"/>
						<line number="131" hits="0" branch="true" condition-coverage="0% (0/2)" missing-branches="132,134"/>
						<line number="132" hits="0"/>
						<line number="134" hits="0"/>
						<line number="135" hits="0"/>
						<line number="136" hits="0"/>
						<line number="137" hits="0"/>
						<line number="138" hits="0"/>
						<line number="139" hits="0"/>
						<line number="140" hits="0"/>
						<line number="141" hits="0"/>
						<line number="142" hits="0" branch="true" condition-coverage="0% (0/2)" missing-branches="143,145"/>
						<line number="143" hits="0"/>
						<line number="145" hits="0" branch="true" condition-coverage="0% (0/2)" missing-branches="146,147"/>
						<line number="146" hits="0"/>
						<line number="147" hits="0"/>
						<line number="148" hits="0"/>
						<line number="149" hits="0"/>
						<line number="150" hits="0"/>
						<line number="151" hits="0"/>
						<line number="152" hits="0"/>
						<line number="153" hits="0"/>
						<line number="155" hits="0"/>
						<line number="158" hits="0"/>
						<line number="161" hits="0" branch="true" condition-coverage="0% (0/2)" missing-branches="exit,162"/>
						<line number="162" hits="0"/>
						<line number="163" hits="0"/>
						<line number="165" hits="0"/>
						<line number="167" hits="0" branch="true" condition-coverage="0% (0/2)" missing-branches="exit,168"/>
						<line number="168" hits="0"/>
						<line number="170" hits="0"/>
						<line number="172" hits="0"/>
						<line number="173" hits="0"/>
						<line number="174" hits="0"/>
						<line number="176" hits="0"/>
						<line number="177" hits="0"/>
						<line number="178" hits="0"/>
						<line number="180" hits="0"/>
						<line number="188" hits="0"/>
						<line number="189" hits="0"/>
						<line number="190" hits="0"/>
						<line number="192" hits="0"/>
						<line number="193" hits="0" branch="true" condition-coverage="0% (0/2)" missing-branches="exit,194"/>
						<line number="194" hits="0"/>
						<line number="196" hits="0"/>
						<line number="198" hits="0"/>
						<line number="199" hits="0"/>
						<line number="200" hits="0" branch="true" condition-coverage="0% (0/2)" missing-branches="201,216"/>
						<line number="201" hits="0" branch="true" condition-coverage="0% (0/2)" missing-branches="202,209"/>
						<line number="202" hits="0"/>
						<line number="203" hits="0"/>
						<line number="204" hits="0"/>
						<line number="206" hits="0"/>
						<line number="207" hits="0"/>
						<line number="209" hits="0"/>
						<line number="210" hits="0"/>
						<line number="212" hits="0"/>
						<line number="213" hits="0"/>
						<line number="214" hits="0"/>
						<line number="216" hits="0"/>
						<line number="217" hits="0"/>
						<line number="218" hits="0"/>
						<line number="219" hits="0"/>
						<line number="220" hits="0"/>
						<line number="221" hits="0"/>
						<line number="222" hits="0"/>
						<line number="224" hits="0"/>
						<line number="226" hits="0"/>
						<line number="227" hits="0"/>
						<line number="228" hits="0" branch="true" condition-coverage="0% (0/2)" missing-branches="229,239"/>
						<line number="229" hits="0" branch="true" condition-coverage="0% (0/2)" missing-branches="230,231"/>
						<line number="230" hits="0"/>
						<line number="231" hits="0" branch="true" condition-coverage="0% (0/2)" missing-branches="232,233"/>
						<line number="232" hits="0"/>
						<line number="233" hits="0" branch="true" condition-coverage="0% (0/2)" missing-branches="234,235"/>
						<line number="234" hits="0"/>
						<line number="235" hits="0" branch="true" condition-coverage="0% (0/2)" missing-branches="236,237"/>
						<line number="236" hits="0"/>
						<line number="237" hits="0"/>
						<line number="239" hits="0"/>
						<line number="241" hits="0"/>
						<line number="244" hits="0"/>
						<line number="245" hits="0" branch="true" condition-coverage="0% (0/2)" missing-branches="246,247"/>
						<line number="246" hits="0"/>
						<line number="247" hits="0" branch="true" condition-coverage="0% (0/2)" missing-branches="248,249"/>
						<line number="248" hits="0"/>
						<line number="249" hits="0" branch="true" condition-coverage="0% (0/2)" missing-branches="250,251"/>
						<line number="250" hits="0"/>
						<line number="251" hits="0" branch="true" condition-coverage="0% (0/2)" missing-branches="252,253"/>
						<line number="252" hits="0"/>
						<line number="253" hits="0"/>
						<line number="255" hits="0"/>
						<line number="257" hits="0"/>
						<line number="258" hits="0"/>
						<line number="259" hits="0" branch="true" condition-coverage="0% (0/2)" missing-branches="260,263"/>
						<line number="260" hits="0"/>
						<line number="261" hits="0"/>
						<line number="262" hits="0"/>
						<line number="263" hits="0" branch="true" condition-coverage="0% (0/2)" missing-branches="exit,264"/>
						<line number="264" hits="0"/>
						<line number="265" hits="0" branch="true" condition-coverage="0% (0/2)" missing-branches="exit,266"/>
						<line number="266" hits="0" branch="true" condition-coverage="0% (0/2)" missing-branches="265,267"/>
						<line number="267" hits="0"/>
						<line number="268" hits="0"/>
						<line number="270" hits="0"/>
						<line number="273" hits="0"/>
						<line number="274" hits="0"/>
						<line number="275" hits="0"/>
						<line number="277" hits="0"/>
						<line number="279" hits="0"/>
						<line number="281" hits="0" branch="true" condition-coverage="0% (0/2)" missing-branches="exit,282"/>
						<line number="282" hits="0"/>
						<line number="283" hits="0"/>
						<line number="284" hits="0"/>
						<line number="285" hits="0"/>
						<line number="286" hits="0"/>
						<line number="287" hits="0"/>
						<line number="288" hits="0"/>
						<line number="289" hits="0" branch="true" condition-coverage="0% (0/2)" missing-branches="exit,290"/>
						<line number="290" hits="0" branch="true" condition-coverage="0% (0/2)" missing-branches="292,302"/>
						<line number="292" hits="0"/>
						<line number="293" hits="0"/>
						<line number="295" hits="0"/>
						<line number="296" hits="0"/>
						<line number="297" hits="0"/>
						<line number="298" hits="0"/>
						<line number="299" hits="0"/>
						<line number="300" hits="0"/>
						<line number="302" hits="0"/>
						<line number="303" hits="0"/>
						<line number="304" hits="0"/>
						<line number="305" hits="0"/>
						<line number="307" hits="0"/>
						<line number="309" hits="0"/>
						<line number="310" hits="0"/>
						<line number="311" hits="0"/>
						<line number="313" hits="0"/>
						<line number="314" hits="0" branch="true" condition-coverage="0% (0/2)" missing-branches="315,319"/>
						<line number="315" hits="0"/>
						<line number="316" hits="0"/>
						<line number="317" hits="0" branch="true" condition-coverage="0% (0/2)" missing-branches="314,318"/>
						<line number="318" hits="0"/>
						<line number="319" hits="0"/>
						<line number="320" hits="0"/>
						<line number="322" hits="0"/>
						<line number="324" hits="0"/>
						<line number="325" hits="0"/>
						<line number="326" hits="0"/>
						<line number="327" hits="0" branch="true" condition-coverage="0% (0/2)" missing-branches="328,339"/>
						<line number="328" hits="0" branch="true" condition-coverage="0% (0/2)" missing-branches="329,334"/>
						<line number="329" hits="0"/>
						<line number="330" hits="0"/>
						<line number="331" hits="0"/>
						<line number="334" hits="0"/>
						<line number="335" hits="0"/>
						<line number="337" hits="0"/>
						<line number="339" hits="0"/>
						<line number="340" hits="0"/>
						<line number="341" hits="0"/>
						<line number="342" hits="0"/>
						<line number="343" hits="0"/>
					</lines>
				</class>
				<class name="display.py" filename="display.py" complexity="0" line-rate="0" branch-rate="0">
					<methods/>
					<lines>
						<line number="3" hits="0"/>
						<line number="4" hits="0"/>
						<line number="7" hits="0"/>
						<line number="8" hits="0"/>
						<line number="11" hits="0"/>
						<line number="13" hits="0"/>
						<line number="15" hits="0"/>
						<line number="18" hits="0"/>
						<line number="21" hits="0"/>
						<line number="26" hits="0"/>
						<line number="28" hits="0"/>
						<line number="31" hits="0"/>
						<line number="33" hits="0"/>
						<line number="34" hits="0"/>
						<line number="35" hits="0"/>
						<line number="36" hits="0"/>
						<line number="37" hits="0"/>
						<line number="38" hits="0" branch="true" condition-coverage="0% (0/2)" missing-branches="exit,40"/>
						<line number="40" hits="0" branch="true" condition-coverage="0% (0/2)" missing-branches="exit,41"/>
						<line number="41" hits="0"/>
						<line number="43" hits="0"/>
						<line number="45" hits="0"/>
						<line number="46" hits="0" branch="true" condition-coverage="0% (0/2)" missing-branches="47,49"/>
						<line number="47" hits="0" branch="true" condition-coverage="0% (0/2)" missing-branches="46,48"/>
						<line number="48" hits="0"/>
						<line number="49" hits="0"/>
						<line number="51" hits="0"/>
						<line number="53" hits="0"/>
						<line number="54" hits="0"/>
						<line number="56" hits="0"/>
						<line number="62" hits="0"/>
						<line number="63" hits="0"/>
						<line number="64" hits="0"/>
						<line number="66" hits="0"/>
						<line number="72" hits="0"/>
						<line number="73" hits="0"/>
						<line number="74" hits="0"/>
						<line number="75" hits="0"/>
						<line number="77" hits="0"/>
						<line number="79" hits="0"/>
						<line number="80" hits="0"/>
						<line number="81" hits="0"/>
						<line number="82" hits="0"/>
						<line number="83" hits="0"/>
						<line number="85" hits="0"/>
						<line number="88" hits="0"/>
						<line number="89" hits="0"/>
						<line number="90" hits="0"/>
						<line number="92" hits="0"/>
						<line number="93" hits="0"/>
						<line number="95" hits="0"/>
						<line number="96" hits="0"/>
						<line number="97" hits="0"/>
						<line number="99" hits="0"/>
						<line number="100" hits="0"/>
						<line number="103" hits="0"/>
						<line number="104" hits="0"/>
						<line number="105" hits="0"/>
						<line number="106" hits="0"/>
						<line number="107" hits="0"/>
						<line number="108" hits="0"/>
						<line number="109" hits="0"/>
						<line number="110" hits="0"/>
						<line number="111" hits="0"/>
						<line number="112" hits="0"/>
						<line number="113" hits="0"/>
						<line number="114" hits="0"/>
						<line number="115" hits="0"/>
						<line number="116" hits="0"/>
						<line number="117" hits="0"/>
						<line number="120" hits="0"/>
						<line number="130" hits="0"/>
						<line number="131" hits="0"/>
						<line number="132" hits="0"/>
						<line number="134" hits="0"/>
						<line number="137" hits="0"/>
						<line number="138" hits="0"/>
						<line number="140" hits="0"/>
						<line number="141" hits="0"/>
						<line number="142" hits="0" branch="true" condition-coverage="0% (0/2)" missing-branches="exit,144"/>
						<line number="144" hits="0"/>
						<line number="145" hits="0"/>
						<line number="146" hits="0"/>
						<line number="147" hits="0" branch="true" condition-coverage="0% (0/2)" missing-branches="exit,148"/>
						<line number="148" hits="0"/>
						<line number="149" hits="0"/>
						<line number="150" hits="0"/>
						<line number="153" hits="0"/>
						<line number="154" hits="0"/>
						<line number="155" hits="0"/>
						<line number="156" hits="0"/>
						<line number="159" hits="0"/>
						<line number="160" hits="0"/>
						<line number="161" hits="0"/>
						<line number="162" hits="0"/>
						<line number="163" hits="0"/>
						<line number="166" hits="0"/>
						<line number="167" hits="0"/>
						<line number="168" hits="0"/>
						<line number="169" hits="0"/>
						<line number="170" hits="0"/>
						<line number="171" hits="0"/>
						<line number="172" hits="0"/>
						<line number="173" hits="0"/>
						<line number="174" hits="0"/>
						<line number="175" hits="0"/>
						<line number="178" hits="0"/>
						<line number="179" hits="0"/>
						<line number="180" hits="0"/>
						<line number="183" hits="0"/>
						<line number="184" hits="0"/>
						<line number="185" hits="0"/>
						<line number="187" hits="0"/>
						<line number="191" hits="0"/>
						<line number="192" hits="0"/>
						<line number="193" hits="0"/>
						<line number="194" hits="0"/>
						<line number="195" hits="0"/>
						<line number="196" hits="0"/>
						<line number="197" hits="0"/>
						<line number="199" hits="0"/>
						<line number="207" hits="0"/>
						<line number="209" hits="0"/>
						<line number="210" hits="0"/>
						<line number="211" hits="0"/>
						<line number="213" hits="0"/>
						<line number="215" hits="0"/>
						<line number="227" hits="0"/>
						<line number="228" hits="0" branch="true" condition-coverage="0% (0/2)" missing-branches="229,237"/>
						<line number="229" hits="0"/>
						<line number="230" hits="0"/>
						<line number="231" hits="0"/>
						<line number="232" hits="0" branch="true" condition-coverage="0% (0/2)" missing-branches="233,235"/>
						<line number="233" hits="0"/>
						<line number="235" hits="0"/>
						<line number="236" hits="0"/>
						<line number="237" hits="0" branch="true" condition-coverage="0% (0/2)" missing-branches="238,239"/>
						<line number="238" hits="0"/>
						<line number="239" hits="0" branch="true" condition-coverage="0% (0/2)" missing-branches="240,249"/>
						<line number="240" hits="0"/>
						<line number="241" hits="0"/>
						<line number="242" hits="0"/>
						<line number="243" hits="0" branch="true" condition-coverage="0% (0/2)" missing-branches="244,246"/>
						<line number="244" hits="0"/>
						<line number="246" hits="0"/>
						<line number="247" hits="0"/>
						<line number="249" hits="0" branch="true" condition-coverage="0% (0/2)" missing-branches="exit,250"/>
						<line number="250" hits="0"/>
						<line number="252" hits="0"/>
						<line number="259" hits="0" branch="true" condition-coverage="0% (0/2)" missing-branches="260,261"/>
						<line number="260" hits="0"/>
						<line number="261" hits="0"/>
						<line number="263" hits="0" branch="true" condition-coverage="0% (0/2)" missing-branches="264,266"/>
						<line number="264" hits="0"/>
						<line number="266" hits="0"/>
						<line number="267" hits="0"/>
						<line number="270" hits="0"/>
						<line number="271" hits="0"/>
						<line number="272" hits="0" branch="true" condition-coverage="0% (0/2)" missing-branches="273,277"/>
						<line number="273" hits="0" branch="true" condition-coverage="0% (0/2)" missing-branches="274,275"/>
						<line number="274" hits="0"/>
						<line number="275" hits="0" branch="true" condition-coverage="0% (0/2)" missing-branches="272,276"/>
						<line number="276" hits="0"/>
						<line number="277" hits="0" branch="true" condition-coverage="0% (0/2)" missing-branches="278,280"/>
						<line number="278" hits="0"/>
						<line number="280" hits="0"/>
						<line number="281" hits="0" branch="true" condition-coverage="0% (0/2)" missing-branches="282,284"/>
						<line number="282" hits="0"/>
						<line number="284" hits="0"/>
						<line number="286" hits="0"/>
						<line number="291" hits="0"/>
						<line number="292" hits="0"/>
						<line number="293" hits="0"/>
						<line number="295" hits="0"/>
						<line number="297" hits="0"/>
						<line number="298" hits="0"/>
						<line number="299" hits="0" branch="true" condition-coverage="0% (0/2)" missing-branches="exit,300"/>
						<line number="300" hits="0"/>
						<line number="302" hits="0"/>
						<line number="303" hits="0"/>
						<line number="305" hits="0" branch="true" condition-coverage="0% (0/2)" missing-branches="exit,306"/>
						<line number="306" hits="0"/>
						<line number="313" hits="0"/>
						<line number="315" hits="0"/>
						<line number="316" hits="0"/>
						<line number="317" hits="0"/>
						<line number="318" hits="0"/>
						<line number="319" hits="0"/>
						<line number="320" hits="0"/>
						<line number="321" hits="0"/>
						<line number="324" hits="0"/>
						<line number="325" hits="0"/>
						<line number="326" hits="0"/>
						<line number="327" hits="0"/>
						<line number="328" hits="0"/>
						<line number="330" hits="0"/>
						<line number="331" hits="0"/>
						<line number="332" hits="0"/>
						<line number="333" hits="0"/>
						<line number="334" hits="0"/>
						<line number="337" hits="0"/>
						<line number="339" hits="0"/>
						<line number="342" hits="0"/>
						<line number="344" hits="0" branch="true" condition-coverage="0% (0/2)" missing-branches="345,347"/>
						<line number="345" hits="0"/>
						<line number="347" hits="0"/>
						<line number="348" hits="0"/>
						<line number="350" hits="0"/>
						<line number="351" hits="0"/>
						<line number="352" hits="0"/>
						<line number="353" hits="0"/>
						<line number="355" hits="0"/>
						<line number="356" hits="0"/>
						<line number="357" hits="0"/>
						<line number="358" hits="0"/>
						<line number="359" hits="0"/>
						<line number="361" hits="0"/>
						<line number="362" hits="0"/>
						<line number="363" hits="0"/>
						<line number="364" hits="0"/>
						<line number="365" hits="0"/>
						<line number="366" hits="0"/>
						<line number="367" hits="0"/>
						<line number="369" hits="0"/>
						<line number="372" hits="0"/>
						<line number="373" hits="0"/>
						<line number="375" hits="0"/>
						<line number="380" hits="0"/>
						<line number="381" hits="0"/>
						<line number="382" hits="0"/>
						<line number="383" hits="0"/>
						<line number="386" hits="0"/>
						<line number="388" hits="0"/>
						<line number="389" hits="0"/>
						<line number="391" hits="0"/>
						<line number="392" hits="0"/>
						<line number="394" hits="0" branch="true" condition-coverage="0% (0/2)" missing-branches="exit,395"/>
						<line number="395" hits="0"/>
						<line number="396" hits="0"/>
						<line number="397" hits="0"/>
						<line number="399" hits="0"/>
						<line number="401" hits="0"/>
						<line number="402" hits="0"/>
						<line number="403" hits="0"/>
						<line number="404" hits="0"/>
						<line number="405" hits="0"/>
						<line number="406" hits="0"/>
						<line number="407" hits="0"/>
						<line number="410" hits="0"/>
						<line number="411" hits="0"/>
						<line number="412" hits="0"/>
						<line number="413" hits="0"/>
						<line number="414" hits="0"/>
						<line number="416" hits="0"/>
						<line number="417" hits="0"/>
						<line number="420" hits="0"/>
						<line number="422" hits="0"/>
						<line number="425" hits="0"/>
						<line number="427" hits="0" branch="true" condition-coverage="0% (0/2)" missing-branches="428,430"/>
						<line number="428" hits="0"/>
						<line number="430" hits="0"/>
						<line number="431" hits="0"/>
						<line number="433" hits="0"/>
						<line number="434" hits="0"/>
						<line number="435" hits="0"/>
						<line number="436" hits="0"/>
						<line number="437" hits="0"/>
						<line number="439" hits="0"/>
						<line number="440" hits="0"/>
						<line number="442" hits="0"/>
						<line number="443" hits="0"/>
						<line number="444" hits="0"/>
						<line number="445" hits="0"/>
						<line number="446" hits="0"/>
						<line number="447" hits="0"/>
						<line number="448" hits="0"/>
						<line number="450" hits="0" branch="true" condition-coverage="0% (0/2)" missing-branches="451,453"/>
						<line number="451" hits="0"/>
						<line number="453" hits="0"/>
						<line number="456" hits="0"/>
						<line number="458" hits="0"/>
						<line number="459" hits="0"/>
						<line number="461" hits="0"/>
						<line number="466" hits="0"/>
						<line number="467" hits="0"/>
						<line number="468" hits="0" branch="true" condition-coverage="0% (0/2)" missing-branches="469,471"/>
						<line number="469" hits="0"/>
						<line number="470" hits="0"/>
						<line number="471" hits="0"/>
						<line number="473" hits="0"/>
						<line number="475" hits="0"/>
						<line number="476" hits="0"/>
						<line number="477" hits="0"/>
						<line number="478" hits="0"/>
						<line number="479" hits="0"/>
						<line number="480" hits="0"/>
						<line number="481" hits="0"/>
						<line number="484" hits="0"/>
						<line number="485" hits="0"/>
						<line number="486" hits="0"/>
						<line number="487" hits="0"/>
						<line number="488" hits="0"/>
						<line number="490" hits="0"/>
						<line number="491" hits="0"/>
						<line number="492" hits="0"/>
						<line number="493" hits="0"/>
						<line number="494" hits="0"/>
						<line number="497" hits="0"/>
						<line number="500" hits="0"/>
						<line number="502" hits="0"/>
						<line number="503" hits="0"/>
						<line number="505" hits="0"/>
						<line number="508" hits="0"/>
						<line number="510" hits="0" branch="true" condition-coverage="0% (0/2)" missing-branches="511,513"/>
						<line number="511" hits="0"/>
						<line number="513" hits="0"/>
						<line number="514" hits="0"/>
						<line number="516" hits="0"/>
						<line number="517" hits="0"/>
						<line number="518" hits="0"/>
						<line number="519" hits="0"/>
						<line number="520" hits="0"/>
						<line number="522" hits="0"/>
						<line number="523" hits="0"/>
						<line number="524" hits="0"/>
						<line number="525" hits="0"/>
						<line number="526" hits="0"/>
						<line number="527" hits="0"/>
						<line number="528" hits="0"/>
						<line number="529" hits="0"/>
						<line number="530" hits="0"/>
						<line number="531" hits="0"/>
						<line number="532" hits="0"/>
						<line number="533" hits="0"/>
						<line number="534" hits="0"/>
						<line number="535" hits="0"/>
						<line number="537" hits="0"/>
						<line number="542" hits="0"/>
						<line number="543" hits="0"/>
						<line number="544" hits="0"/>
						<line number="545" hits="0"/>
						<line number="546" hits="0"/>
						<line number="547" hits="0"/>
						<line number="549" hits="0"/>
						<line number="552" hits="0"/>
						<line number="553" hits="0"/>
						<line number="555" hits="0"/>
						<line number="556" hits="0"/>
						<line number="558" hits="0" branch="true" condition-coverage="0% (0/2)" missing-branches="exit,559"/>
						<line number="559" hits="0"/>
						<line number="560" hits="0"/>
						<line number="561" hits="0"/>
						<line number="562" hits="0"/>
						<line number="564" hits="0"/>
						<line number="565" hits="0"/>
						<line number="567" hits="0" branch="true" condition-coverage="0% (0/2)" missing-branches="exit,568"/>
						<line number="568" hits="0"/>
						<line number="569" hits="0"/>
						<line number="570" hits="0"/>
						<line number="571" hits="0"/>
					</lines>
				</class>
				<class name="equipement.py" filename="equipement.py" complexity="0" line-rate="0" branch-rate="0">
					<methods/>
					<lines>
						<line number="3" hits="0"/>
						<line number="4" hits="0"/>
						<line number="6" hits="0"/>
						<line number="10" hits="0"/>
						<line number="12" hits="0"/>
						<line number="14" hits="0"/>
						<line number="17" hits="0"/>
						<line number="26" hits="0"/>
						<line number="28" hits="0"/>
						<line number="30" hits="0"/>
						<line number="31" hits="0"/>
						<line number="32" hits="0"/>
						<line number="33" hits="0"/>
						<line number="34" hits="0"/>
						<line number="35" hits="0"/>
						<line number="36" hits="0"/>
						<line number="37" hits="0"/>
						<line number="38" hits="0"/>
						<line number="39" hits="0"/>
						<line number="40" hits="0"/>
						<line number="41" hits="0"/>
						<line number="42" hits="0"/>
						<line number="43" hits="0"/>
						<line number="44" hits="0"/>
						<line number="46" hits="0" branch="true" condition-coverage="0% (0/2)" missing-branches="47,54"/>
						<line number="47" hits="0" branch="true" condition-coverage="0% (0/2)" missing-branches="48,49"/>
						<line number="48" hits="0"/>
						<line number="49" hits="0" branch="true" condition-coverage="0% (0/2)" missing-branches="50,52"/>
						<line number="50" hits="0"/>
						<line number="52" hits="0"/>
						<line number="54" hits="0" branch="true" condition-coverage="0% (0/2)" missing-branches="55,61"/>
						<line number="55" hits="0" branch="true" condition-coverage="0% (0/2)" missing-branches="56,58"/>
						<line number="56" hits="0"/>
						<line number="58" hits="0"/>
						<line number="61" hits="0"/>
						<line number="62" hits="0"/>
						<line number="63" hits="0"/>
						<line number="64" hits="0"/>
						<line number="65" hits="0"/>
						<line number="67" hits="0" branch="true" condition-coverage="0% (0/2)" missing-branches="68,74"/>
						<line number="68" hits="0"/>
						<line number="69" hits="0"/>
						<line number="70" hits="0"/>
						<line number="71" hits="0"/>
						<line number="72" hits="0"/>
						<line number="74" hits="0" branch="true" condition-coverage="0% (0/2)" missing-branches="75,81"/>
						<line number="75" hits="0"/>
						<line number="76" hits="0"/>
						<line number="77" hits="0"/>
						<line number="78" hits="0"/>
						<line number="79" hits="0"/>
						<line number="81" hits="0" branch="true" condition-coverage="0% (0/2)" missing-branches="82,86"/>
						<line number="82" hits="0"/>
						<line number="83" hits="0"/>
						<line number="84" hits="0"/>
						<line number="86" hits="0" branch="true" condition-coverage="0% (0/2)" missing-branches="87,91"/>
						<line number="87" hits="0"/>
						<line number="88" hits="0"/>
						<line number="89" hits="0"/>
						<line number="91" hits="0" branch="true" condition-coverage="0% (0/2)" missing-branches="92,96"/>
						<line number="92" hits="0"/>
						<line number="93" hits="0"/>
						<line number="94" hits="0"/>
						<line number="96" hits="0" branch="true" condition-coverage="0% (0/2)" missing-branches="97,99"/>
						<line number="97" hits="0"/>
						<line number="99" hits="0" branch="true" condition-coverage="0% (0/2)" missing-branches="100,103"/>
						<line number="100" hits="0"/>
						<line number="103" hits="0"/>
						<line number="105" hits="0" branch="true" condition-coverage="0% (0/2)" missing-branches="exit,exit"/>
						<line number="108" hits="0"/>
						<line number="109" hits="0"/>
						<line number="110" hits="0"/>
						<line number="111" hits="0"/>
						<line number="113" hits="0"/>
						<line number="114" hits="0" branch="true" condition-coverage="0% (0/2)" missing-branches="exit,115"/>
						<line number="115" hits="0"/>
						<line number="117" hits="0"/>
						<line number="120" hits="0"/>
						<line number="122" hits="0" branch="true" condition-coverage="0% (0/2)" missing-branches="123,125"/>
						<line number="123" hits="0"/>
						<line number="125" hits="0"/>
						<line number="126" hits="0"/>
						<line number="128" hits="0"/>
						<line number="129" hits="0"/>
						<line number="130" hits="0"/>
						<line number="131" hits="0"/>
						<line number="132" hits="0"/>
						<line number="134" hits="0" branch="true" condition-coverage="0% (0/2)" missing-branches="135,141"/>
						<line number="135" hits="0"/>
						<line number="136" hits="0" branch="true" condition-coverage="0% (0/2)" missing-branches="exit,137"/>
						<line number="137" hits="0"/>
						<line number="138" hits="0"/>
						<line number="139" hits="0"/>
						<line number="141" hits="0" branch="true" condition-coverage="0% (0/2)" missing-branches="142,157"/>
						<line number="142" hits="0"/>
						<line number="143" hits="0"/>
						<line number="144" hits="0"/>
						<line number="145" hits="0"/>
						<line number="146" hits="0" branch="true" condition-coverage="0% (0/2)" missing-branches="exit,147"/>
						<line number="147" hits="0"/>
						<line number="148" hits="0"/>
						<line number="149" hits="0"/>
						<line number="150" hits="0"/>
						<line number="151" hits="0"/>
						<line number="152" hits="0"/>
						<line number="153" hits="0" branch="true" condition-coverage="0% (0/2)" missing-branches="exit,154"/>
						<line number="154" hits="0"/>
						<line number="155" hits="0"/>
						<line number="157" hits="0" branch="true" condition-coverage="0% (0/2)" missing-branches="158,160"/>
						<line number="158" hits="0"/>
						<line number="160" hits="0" branch="true" condition-coverage="0% (0/2)" missing-branches="161,164"/>
						<line number="161" hits="0" branch="true" condition-coverage="0% (0/2)" missing-branches="exit,162"/>
						<line number="162" hits="0"/>
						<line number="164" hits="0" branch="true" condition-coverage="0% (0/2)" missing-branches="165,169"/>
						<line number="165" hits="0"/>
						<line number="166" hits="0" branch="true" condition-coverage="0% (0/2)" missing-branches="exit,167"/>
						<line number="167" hits="0"/>
						<line number="169" hits="0" branch="true" condition-coverage="0% (0/2)" missing-branches="170,173"/>
						<line number="170" hits="0"/>
						<line number="171" hits="0"/>
						<line number="173" hits="0" branch="true" condition-coverage="0% (0/2)" missing-branches="exit,174"/>
						<line number="174" hits="0"/>
						<line number="175" hits="0"/>
						<line number="176" hits="0"/>
						<line number="177" hits="0"/>
						<line number="178" hits="0"/>
						<line number="179" hits="0"/>
						<line number="180" hits="0"/>
						<line number="182" hits="0"/>
						<line number="185" hits="0" branch="true" condition-coverage="0% (0/2)" missing-branches="186,195"/>
						<line number="186" hits="0"/>
						<line number="187" hits="0"/>
						<line number="188" hits="0"/>
						<line number="189" hits="0"/>
						<line number="190" hits="0"/>
						<line number="191" hits="0"/>
						<line number="192" hits="0"/>
						<line number="193" hits="0"/>
						<line number="195" hits="0" branch="true" condition-coverage="0% (0/2)" missing-branches="196,199"/>
						<line number="196" hits="0"/>
						<line number="199" hits="0"/>
						<line number="201" hits="0"/>
						<line number="203" hits="0"/>
						<line number="204" hits="0" branch="true" condition-coverage="0% (0/2)" missing-branches="exit,205"/>
						<line number="205" hits="0"/>
						<line number="206" hits="0"/>
						<line number="207" hits="0"/>
						<line number="209" hits="0"/>
						<line number="210" hits="0"/>
						<line number="214" hits="0"/>
						<line number="215" hits="0"/>
						<line number="217" hits="0"/>
						<line number="218" hits="0"/>
						<line number="221" hits="0"/>
						<line number="223" hits="0"/>
						<line number="224" hits="0"/>
						<line number="226" hits="0" branch="true" condition-coverage="0% (0/2)" missing-branches="exit,227"/>
						<line number="227" hits="0"/>
						<line number="228" hits="0"/>
						<line number="229" hits="0"/>
						<line number="231" hits="0"/>
						<line number="232" hits="0"/>
						<line number="234" hits="0" branch="true" condition-coverage="0% (0/2)" missing-branches="exit,235"/>
						<line number="235" hits="0"/>
						<line number="236" hits="0"/>
						<line number="237" hits="0"/>
						<line number="239" hits="0"/>
						<line number="240" hits="0"/>
						<line number="242" hits="0" branch="true" condition-coverage="0% (0/2)" missing-branches="exit,243"/>
						<line number="243" hits="0" branch="true" condition-coverage="0% (0/2)" missing-branches="244,247"/>
						<line number="244" hits="0"/>
						<line number="245" hits="0"/>
						<line number="247" hits="0"/>
						<line number="248" hits="0"/>
						<line number="250" hits="0"/>
						<line number="251" hits="0"/>
						<line number="254" hits="0" branch="true" condition-coverage="0% (0/2)" missing-branches="exit,256"/>
						<line number="256" hits="0"/>
						<line number="257" hits="0"/>
						<line number="258" hits="0"/>
						<line number="260" hits="0" branch="true" condition-coverage="0% (0/2)" missing-branches="261,268"/>
						<line number="261" hits="0"/>
						<line number="262" hits="0" branch="true" condition-coverage="0% (0/2)" missing-branches="263,264"/>
						<line number="263" hits="0"/>
						<line number="264" hits="0" branch="true" condition-coverage="0% (0/2)" missing-branches="265,266"/>
						<line number="265" hits="0"/>
						<line number="266" hits="0"/>
						<line number="268" hits="0" branch="true" condition-coverage="0% (0/2)" missing-branches="269,274"/>
						<line number="269" hits="0"/>
						<line number="270" hits="0"/>
						<line number="271" hits="0"/>
						<line number="272" hits="0"/>
						<line number="274" hits="0"/>
						<line number="277" hits="0"/>
						<line number="280" hits="0" branch="true" condition-coverage="0% (0/2)" missing-branches="281,283"/>
						<line number="281" hits="0"/>
						<line number="283" hits="0" branch="true" condition-coverage="0% (0/2)" missing-branches="284,290"/>
						<line number="284" hits="0"/>
						<line number="285" hits="0" branch="true" condition-coverage="0% (0/2)" missing-branches="287,288"/>
						<line number="287" hits="0"/>
						<line number="288" hits="0"/>
						<line number="290" hits="0" branch="true" condition-coverage="0% (0/2)" missing-branches="292,296"/>
						<line number="292" hits="0"/>
						<line number="293" hits="0"/>
						<line number="294" hits="0"/>
						<line number="296" hits="0"/>
					</lines>
				</class>
				<class name="externals.py" filename="externals.py" complexity="0" line-rate="0" branch-rate="0">
					<methods/>
					<lines>
						<line number="4" hits="0"/>
						<line number="5" hits="0"/>
						<line number="6" hits="0"/>
						<line number="7" hits="0"/>
						<line number="8" hits="0"/>
						<line number="9" hits="0"/>
						<line number="11" hits="0"/>
						<line number="13" hits="0"/>
						<line number="14" hits="0"/>
						<line number="16" hits="0"/>
						<line number="19" hits="0"/>
						<line number="20" hits="0" branch="true" condition-coverage="0% (0/2)" missing-branches="21,23"/>
						<line number="21" hits="0"/>
						<line number="23" hits="0"/>
						<line number="25" hits="0" branch="true" condition-coverage="0% (0/2)" missing-branches="exit,27"/>
						<line number="27" hits="0" branch="true" condition-coverage="0% (0/2)" missing-branches="exit,28"/>
						<line number="28" hits="0" branch="true" condition-coverage="0% (0/2)" missing-branches="29,31"/>
						<line number="29" hits="0"/>
						<line number="31" hits="0"/>
						<line number="33" hits="0"/>
						<line number="35" hits="0"/>
						<line number="36" hits="0"/>
						<line number="38" hits="0"/>
						<line number="40" hits="0"/>
						<line number="42" hits="0"/>
						<line number="44" hits="0"/>
						<line number="45" hits="0"/>
						<line number="46" hits="0"/>
						<line number="47" hits="0" branch="true" condition-coverage="0% (0/2)" missing-branches="48,57"/>
						<line number="48" hits="0"/>
						<line number="49" hits="0"/>
						<line number="50" hits="0" branch="true" condition-coverage="0% (0/2)" missing-branches="51,54"/>
						<line number="51" hits="0"/>
						<line number="52" hits="0"/>
						<line number="54" hits="0"/>
						<line number="55" hits="0"/>
						<line number="56" hits="0"/>
						<line number="57" hits="0"/>
						<line number="59" hits="0"/>
						<line number="62" hits="0"/>
						<line number="63" hits="0" branch="true" condition-coverage="0% (0/2)" missing-branches="64,73"/>
						<line number="64" hits="0"/>
						<line number="65" hits="0"/>
						<line number="66" hits="0" branch="true" condition-coverage="0% (0/2)" missing-branches="67,70"/>
						<line number="67" hits="0"/>
						<line number="68" hits="0"/>
						<line number="70" hits="0"/>
						<line number="71" hits="0"/>
						<line number="72" hits="0"/>
						<line number="73" hits="0"/>
						<line number="74" hits="0"/>
						<line number="75" hits="0"/>
					</lines>
				</class>
				<class name="inspecteur.py" filename="inspecteur.py" complexity="0" line-rate="0" branch-rate="0">
					<methods/>
					<lines>
						<line number="3" hits="0"/>
						<line number="4" hits="0"/>
						<line number="5" hits="0"/>
						<line number="8" hits="0"/>
						<line number="12" hits="0"/>
						<line number="13" hits="0"/>
						<line number="14" hits="0"/>
						<line number="17" hits="0" branch="true" condition-coverage="0% (0/2)" missing-branches="exit,19"/>
						<line number="19" hits="0"/>
						<line number="21" hits="0"/>
						<line number="22" hits="0"/>
						<line number="24" hits="0"/>
						<line number="26" hits="0"/>
						<line number="27" hits="0"/>
						<line number="29" hits="0"/>
						<line number="30" hits="0"/>
						<line number="34" hits="0" branch="true" condition-coverage="0% (0/2)" missing-branches="35,38"/>
						<line number="35" hits="0"/>
						<line number="38" hits="0"/>
						<line number="41" hits="0" branch="true" condition-coverage="0% (0/2)" missing-branches="42,45"/>
						<line number="42" hits="0"/>
						<line number="45" hits="0" branch="true" condition-coverage="0% (0/2)" missing-branches="exit,46"/>
						<line number="46" hits="0"/>
						<line number="48" hits="0"/>
						<line number="52" hits="0"/>
						<line number="53" hits="0"/>
						<line number="56" hits="0"/>
						<line number="58" hits="0"/>
						<line number="59" hits="0"/>
						<line number="63" hits="0"/>
						<line number="65" hits="0"/>
						<line number="67" hits="0"/>
					</lines>
				</class>
				<class name="ivy_radio.py" filename="ivy_radio.py" complexity="0" line-rate="0" branch-rate="0">
					<methods/>
					<lines>
						<line number="3" hits="0"/>
						<line number="4" hits="0"/>
						<line number="6" hits="0"/>
						<line number="11" hits="0"/>
						<line number="12" hits="0"/>
						<line number="13" hits="0"/>
						<line number="17" hits="0"/>
						<line number="18" hits="0"/>
						<line number="19" hits="0"/>
						<line number="20" hits="0"/>
						<line number="21" hits="0"/>
						<line number="22" hits="0"/>
						<line number="23" hits="0"/>
						<line number="25" hits="0"/>
						<line number="29" hits="0"/>
						<line number="31" hits="0"/>
						<line number="37" hits="0"/>
						<line number="38" hits="0"/>
						<line number="41" hits="0"/>
						<line number="53" hits="0"/>
						<line number="54" hits="0"/>
						<line number="55" hits="0"/>
						<line number="56" hits="0"/>
						<line number="57" hits="0"/>
						<line number="58" hits="0"/>
						<line number="59" hits="0"/>
						<line number="60" hits="0"/>
						<line number="61" hits="0"/>
						<line number="63" hits="0"/>
						<line number="64" hits="0"/>
						<line number="65" hits="0"/>
						<line number="69" hits="0"/>
						<line number="72" hits="0" branch="true" condition-coverage="0% (0/2)" missing-branches="73,74"/>
						<line number="73" hits="0"/>
						<line number="74" hits="0" branch="true" condition-coverage="0% (0/2)" missing-branches="75,76"/>
						<line number="75" hits="0"/>
						<line number="76" hits="0" branch="true" condition-coverage="0% (0/2)" missing-branches="exit,77"/>
						<line number="77" hits="0"/>
						<line number="80" hits="0"/>
						<line number="88" hits="0"/>
						<line number="89" hits="0" branch="true" condition-coverage="0% (0/2)" missing-branches="90,91"/>
						<line number="90" hits="0"/>
						<line number="91" hits="0" branch="true" condition-coverage="0% (0/2)" missing-branches="92,109"/>
						<line number="92" hits="0"/>
						<line number="93" hits="0" branch="true" condition-coverage="0% (0/2)" missing-branches="94,107"/>
						<line number="94" hits="0" branch="true" condition-coverage="0% (0/2)" missing-branches="95,99"/>
						<line number="95" hits="0" branch="true" condition-coverage="0% (0/2)" missing-branches="96,100"/>
						<line number="96" hits="0" branch="true" condition-coverage="0% (0/2)" missing-branches="97,100"/>
						<line number="97" hits="0"/>
						<line number="99" hits="0"/>
						<line number="100" hits="0"/>
						<line number="101" hits="0"/>
						<line number="102" hits="0"/>
						<line number="103" hits="0" branch="true" condition-coverage="0% (0/2)" missing-branches="104,107"/>
						<line number="104" hits="0" branch="true" condition-coverage="0% (0/2)" missing-branches="105,106"/>
						<line number="105" hits="0"/>
						<line number="106" hits="0"/>
						<line number="107" hits="0" branch="true" condition-coverage="0% (0/2)" missing-branches="108,109"/>
						<line number="108" hits="0"/>
						<line number="109" hits="0" branch="true" condition-coverage="0% (0/2)" missing-branches="exit,110"/>
						<line number="110" hits="0"/>
						<line number="111" hits="0" branch="true" condition-coverage="0% (0/2)" missing-branches="112,122"/>
						<line number="112" hits="0" branch="true" condition-coverage="0% (0/2)" missing-branches="113,115"/>
						<line number="113" hits="0" branch="true" condition-coverage="0% (0/2)" missing-branches="114,115"/>
						<line number="114" hits="0"/>
						<line number="115" hits="0"/>
						<line number="116" hits="0"/>
						<line number="117" hits="0"/>
						<line number="118" hits="0" branch="true" condition-coverage="0% (0/2)" missing-branches="119,122"/>
						<line number="119" hits="0" branch="true" condition-coverage="0% (0/2)" missing-branches="120,121"/>
						<line number="120" hits="0"/>
						<line number="121" hits="0"/>
						<line number="122" hits="0" branch="true" condition-coverage="0% (0/2)" missing-branches="exit,123"/>
						<line number="123" hits="0"/>
						<line number="126" hits="0"/>
						<line number="129" hits="0" branch="true" condition-coverage="0% (0/2)" missing-branches="130,132"/>
						<line number="130" hits="0"/>
						<line number="131" hits="0"/>
						<line number="132" hits="0" branch="true" condition-coverage="0% (0/2)" missing-branches="133,135"/>
						<line number="133" hits="0" branch="true" condition-coverage="0% (0/2)" missing-branches="exit,exit"/>
						<line number="135" hits="0" branch="true" condition-coverage="0% (0/2)" missing-branches="exit,exit"/>
						<line number="137" hits="0"/>
						<line number="140" hits="0" branch="true" condition-coverage="0% (0/2)" missing-branches="141,144"/>
						<line number="141" hits="0"/>
						<line number="143" hits="0"/>
						<line number="144" hits="0" branch="true" condition-coverage="0% (0/2)" missing-branches="145,147"/>
						<line number="145" hits="0" branch="true" condition-coverage="0% (0/2)" missing-branches="exit,exit"/>
						<line number="147" hits="0" branch="true" condition-coverage="0% (0/2)" missing-branches="exit,exit"/>
						<line number="149" hits="0"/>
						<line number="152" hits="0" branch="true" condition-coverage="0% (0/2)" missing-branches="153,155"/>
						<line number="153" hits="0"/>
						<line number="154" hits="0"/>
						<line number="155" hits="0" branch="true" condition-coverage="0% (0/2)" missing-branches="156,158"/>
						<line number="156" hits="0" branch="true" condition-coverage="0% (0/2)" missing-branches="exit,exit"/>
						<line number="158" hits="0" branch="true" condition-coverage="0% (0/2)" missing-branches="exit,exit"/>
						<line number="160" hits="0"/>
						<line number="163" hits="0" branch="true" condition-coverage="0% (0/2)" missing-branches="164,165"/>
						<line number="164" hits="0"/>
						<line number="165" hits="0" branch="true" condition-coverage="0% (0/2)" missing-branches="166,167"/>
						<line number="166" hits="0"/>
						<line number="167" hits="0"/>
						<line number="171" hits="0"/>
						<line number="173" hits="0"/>
						<line number="175" hits="0"/>
						<line number="177" hits="0"/>
					</lines>
				</class>
				<class name="lecture_fichiers_enregistres.py" filename="lecture_fichiers_enregistres.py" complexity="0" line-rate="0" branch-rate="0">
					<methods/>
					<lines>
						<line number="2" hits="0"/>
						<line number="3" hits="0"/>
						<line number="5" hits="0"/>
						<line number="11" hits="0"/>
						<line number="12" hits="0"/>
						<line number="13" hits="0"/>
						<line number="14" hits="0"/>
						<line number="15" hits="0" branch="true" condition-coverage="0% (0/2)" missing-branches="16,34"/>
						<line number="16" hits="0" branch="true" condition-coverage="0% (0/2)" missing-branches="17,34"/>
						<line number="17" hits="0"/>
						<line number="18" hits="0"/>
						<line number="19" hits="0"/>
						<line number="20" hits="0"/>
						<line number="21" hits="0"/>
						<line number="22" hits="0"/>
						<line number="23" hits="0"/>
						<line number="24" hits="0" branch="true" condition-coverage="0% (0/2)" missing-branches="25,26"/>
						<line number="25" hits="0"/>
						<line number="26" hits="0" branch="true" condition-coverage="0% (0/2)" missing-branches="27,28"/>
						<line number="27" hits="0"/>
						<line number="28" hits="0" branch="true" condition-coverage="0% (0/2)" missing-branches="29,30"/>
						<line number="29" hits="0"/>
						<line number="30" hits="0" branch="true" condition-coverage="0% (0/2)" missing-branches="16,31"/>
						<line number="31" hits="0"/>
						<line number="32" hits="0"/>
						<line number="33" hits="0"/>
						<line number="34" hits="0" branch="true" condition-coverage="0% (0/2)" missing-branches="exit,35"/>
						<line number="35" hits="0" branch="true" condition-coverage="0% (0/2)" missing-branches="exit,36"/>
						<line number="36" hits="0"/>
						<line number="37" hits="0"/>
						<line number="38" hits="0"/>
						<line number="39" hits="0"/>
						<line number="40" hits="0"/>
						<line number="41" hits="0"/>
						<line number="42" hits="0" branch="true" condition-coverage="0% (0/2)" missing-branches="43,45"/>
						<line number="43" hits="0"/>
						<line number="45" hits="0" branch="true" condition-coverage="0% (0/2)" missing-branches="46,47"/>
						<line number="46" hits="0"/>
						<line number="47" hits="0" branch="true" condition-coverage="0% (0/2)" missing-branches="48,49"/>
						<line number="48" hits="0"/>
						<line number="49" hits="0" branch="true" condition-coverage="0% (0/2)" missing-branches="50,51"/>
						<line number="50" hits="0"/>
						<line number="51" hits="0" branch="true" condition-coverage="0% (0/2)" missing-branches="52,53"/>
						<line number="52" hits="0"/>
						<line number="53" hits="0" branch="true" condition-coverage="0% (0/2)" missing-branches="35,54"/>
						<line number="54" hits="0"/>
						<line number="55" hits="0"/>
						<line number="56" hits="0"/>
					</lines>
				</class>
				<class name="main.py" filename="main.py" complexity="0" line-rate="0" branch-rate="0">
					<methods/>
					<lines>
						<line number="3" hits="0"/>
						<line number="4" hits="0"/>
						<line number="5" hits="0"/>
						<line number="7" hits="0" branch="true" condition-coverage="0% (0/2)" missing-branches="exit,8"/>
						<line number="8" hits="0"/>
						<line number="9" hits="0"/>
					</lines>
				</class>
				<class name="tab_robot.py" filename="tab_robot.py" complexity="0" line-rate="0" branch-rate="0">
					<methods/>
					<lines>
						<line number="3" hits="0"/>
						<line number="4" hits="0"/>
						<line number="5" hits="0"/>
						<line number="6" hits="0"/>
						<line number="8" hits="0"/>
						<line number="9" hits="0"/>
						<line number="12" hits="0"/>
						<line number="13" hits="0"/>
						<line number="14" hits="0"/>
						<line number="15" hits="0"/>
						<line number="18" hits="0"/>
						<line number="20" hits="0"/>
						<line number="23" hits="0"/>
						<line number="28" hits="0"/>
						<line number="30" hits="0"/>
						<line number="32" hits="0"/>
						<line number="33" hits="0"/>
						<line number="34" hits="0"/>
						<line number="36" hits="0"/>
						<line number="37" hits="0"/>
						<line number="38" hits="0"/>
						<line number="39" hits="0"/>
						<line number="41" hits="0"/>
						<line number="42" hits="0"/>
						<line number="43" hits="0"/>
						<line number="44" hits="0"/>
						<line number="47" hits="0"/>
						<line number="48" hits="0"/>
						<line number="49" hits="0"/>
						<line number="51" hits="0"/>
						<line number="52" hits="0"/>
						<line number="55" hits="0"/>
						<line number="56" hits="0"/>
						<line number="57" hits="0"/>
						<line number="59" hits="0"/>
						<line number="60" hits="0"/>
						<line number="63" hits="0"/>
						<line number="64" hits="0"/>
						<line number="65" hits="0"/>
						<line number="66" hits="0"/>
						<line number="67" hits="0"/>
						<line number="68" hits="0"/>
						<line number="69" hits="0"/>
						<line number="70" hits="0"/>
						<line number="71" hits="0"/>
						<line number="72" hits="0"/>
						<line number="73" hits="0"/>
						<line number="74" hits="0"/>
						<line number="75" hits="0"/>
						<line number="76" hits="0"/>
						<line number="77" hits="0"/>
						<line number="80" hits="0"/>
						<line number="81" hits="0"/>
						<line number="82" hits="0"/>
						<line number="83" hits="0"/>
						<line number="86" hits="0"/>
						<line number="89" hits="0"/>
						<line number="92" hits="0" branch="true" condition-coverage="0% (0/2)" missing-branches="exit,94"/>
						<line number="94" hits="0"/>
						<line number="95" hits="0"/>
						<line number="96" hits="0"/>
						<line number="98" hits="0"/>
						<line number="101" hits="0"/>
						<line number="102" hits="0"/>
						<line number="104" hits="0"/>
						<line number="105" hits="0"/>
						<line number="106" hits="0" branch="true" condition-coverage="0% (0/2)" missing-branches="exit,108"/>
						<line number="108" hits="0"/>
						<line number="109" hits="0"/>
						<line number="110" hits="0"/>
						<line number="111" hits="0" branch="true" condition-coverage="0% (0/2)" missing-branches="exit,112"/>
						<line number="112" hits="0"/>
						<line number="113" hits="0"/>
						<line number="114" hits="0"/>
						<line number="117" hits="0"/>
						<line number="118" hits="0"/>
						<line number="119" hits="0"/>
						<line number="120" hits="0"/>
						<line number="123" hits="0"/>
						<line number="124" hits="0"/>
						<line number="125" hits="0"/>
						<line number="126" hits="0"/>
						<line number="127" hits="0"/>
						<line number="130" hits="0"/>
						<line number="131" hits="0"/>
						<line number="132" hits="0"/>
						<line number="133" hits="0"/>
						<line number="134" hits="0"/>
						<line number="135" hits="0"/>
						<line number="136" hits="0"/>
						<line number="137" hits="0"/>
						<line number="138" hits="0"/>
						<line number="139" hits="0"/>
						<line number="142" hits="0"/>
						<line number="143" hits="0"/>
						<line number="144" hits="0"/>
						<line number="147" hits="0"/>
						<line number="148" hits="0"/>
						<line number="149" hits="0"/>
						<line number="151" hits="0"/>
						<line number="154" hits="0"/>
						<line number="155" hits="0"/>
						<line number="156" hits="0"/>
						<line number="157" hits="0"/>
						<line number="158" hits="0"/>
						<line number="159" hits="0"/>
						<line number="160" hits="0"/>
						<line number="162" hits="0"/>
						<line number="165" hits="0" branch="true" condition-coverage="0% (0/2)" missing-branches="exit,167"/>
						<line number="167" hits="0"/>
						<line number="168" hits="0"/>
						<line number="169" hits="0"/>
						<line number="171" hits="0"/>
						<line number="174" hits="0"/>
						<line number="175" hits="0"/>
						<line number="176" hits="0"/>
						<line number="178" hits="0"/>
						<line number="180" hits="0"/>
						<line number="181" hits="0"/>
						<line number="184" hits="0"/>
						<line number="187" hits="0" branch="true" condition-coverage="0% (0/2)" missing-branches="188,216"/>
						<line number="188" hits="0"/>
						<line number="189" hits="0"/>
						<line number="190" hits="0"/>
						<line number="191" hits="0"/>
						<line number="192" hits="0"/>
						<line number="193" hits="0"/>
						<line number="195" hits="0" branch="true" condition-coverage="0% (0/2)" missing-branches="196,201"/>
						<line number="196" hits="0"/>
						<line number="197" hits="0"/>
						<line number="198" hits="0"/>
						<line number="199" hits="0"/>
						<line number="201" hits="0" branch="true" condition-coverage="0% (0/2)" missing-branches="202,208"/>
						<line number="202" hits="0"/>
						<line number="204" hits="0"/>
						<line number="205" hits="0"/>
						<line number="206" hits="0"/>
						<line number="208" hits="0" branch="true" condition-coverage="0% (0/2)" missing-branches="187,209"/>
						<line number="209" hits="0"/>
						<line number="211" hits="0"/>
						<line number="212" hits="0"/>
						<line number="213" hits="0"/>
						<line number="216" hits="0" branch="true" condition-coverage="0% (0/2)" missing-branches="217,226"/>
						<line number="217" hits="0"/>
						<line number="218" hits="0" branch="true" condition-coverage="0% (0/2)" missing-branches="216,219"/>
						<line number="219" hits="0"/>
						<line number="220" hits="0"/>
						<line number="221" hits="0"/>
						<line number="222" hits="0"/>
						<line number="223" hits="0"/>
						<line number="226" hits="0" branch="true" condition-coverage="0% (0/2)" missing-branches="229,236"/>
						<line number="229" hits="0" branch="true" condition-coverage="0% (0/2)" missing-branches="230,232"/>
						<line number="230" hits="0"/>
						<line number="232" hits="0" branch="true" condition-coverage="0% (0/2)" missing-branches="226,233"/>
						<line number="233" hits="0"/>
						<line number="236" hits="0" branch="true" condition-coverage="0% (0/2)" missing-branches="237,239"/>
						<line number="237" hits="0"/>
						<line number="239" hits="0"/>
						<line number="242" hits="0" branch="true" condition-coverage="0% (0/2)" missing-branches="243,245"/>
						<line number="243" hits="0"/>
						<line number="245" hits="0"/>
						<line number="248" hits="0"/>
						<line number="251" hits="0"/>
						<line number="252" hits="0"/>
						<line number="254" hits="0"/>
						<line number="256" hits="0"/>
						<line number="257" hits="0" branch="true" condition-coverage="0% (0/2)" missing-branches="exit,258"/>
						<line number="258" hits="0"/>
						<line number="259" hits="0"/>
						<line number="260" hits="0"/>
						<line number="261" hits="0"/>
						<line number="262" hits="0"/>
						<line number="263" hits="0"/>
						<line number="264" hits="0"/>
						<line number="265" hits="0"/>
						<line number="266" hits="0" branch="true" condition-coverage="0% (0/2)" missing-branches="267,268"/>
						<line number="267" hits="0"/>
						<line number="268" hits="0" branch="true" condition-coverage="0% (0/2)" missing-branches="exit,269"/>
						<line number="269" hits="0"/>
						<line number="270" hits="0"/>
						<line number="271" hits="0"/>
						<line number="273" hits="0"/>
						<line number="274" hits="0"/>
						<line number="276" hits="0"/>
						<line number="277" hits="0"/>
						<line number="278" hits="0" branch="true" condition-coverage="0% (0/2)" missing-branches="exit,279"/>
						<line number="279" hits="0"/>
						<line number="281" hits="0"/>
						<line number="282" hits="0"/>
						<line number="286" hits="0"/>
						<line number="288" hits="0"/>
						<line number="290" hits="0"/>
						<line number="291" hits="0"/>
						<line number="294" hits="0"/>
						<line number="296" hits="0"/>
						<line number="297" hits="0"/>
						<line number="299" hits="0" branch="true" condition-coverage="0% (0/2)" missing-branches="exit,exit"/>
						<line number="301" hits="0"/>
						<line number="302" hits="0"/>
						<line number="304" hits="0"/>
					</lines>
				</class>
				<class name="test_annuaire.py" filename="test_annuaire.py" complexity="0" line-rate="1" branch-rate="1">
					<methods/>
					<lines>
						<line number="3" hits="1"/>
						<line number="4" hits="1"/>
						<line number="6" hits="1"/>
						<line number="8" hits="1"/>
						<line number="9" hits="1"/>
						<line number="10" hits="1"/>
						<line number="11" hits="1"/>
						<line number="12" hits="1"/>
						<line number="15" hits="1"/>
						<line number="17" hits="1"/>
						<line number="19" hits="1"/>
						<line number="20" hits="1"/>
						<line number="21" hits="1"/>
						<line number="22" hits="1"/>
						<line number="23" hits="1"/>
						<line number="24" hits="1"/>
						<line number="27" hits="1"/>
						<line number="29" hits="1"/>
						<line number="31" hits="1"/>
						<line number="32" hits="1"/>
						<line number="33" hits="1"/>
						<line number="34" hits="1"/>
						<line number="35" hits="1"/>
						<line number="36" hits="1"/>
						<line number="38" hits="1"/>
						<line number="39" hits="1"/>
						<line number="40" hits="1"/>
						<line number="42" hits="1"/>
						<line number="43" hits="1"/>
						<line number="44" hits="1"/>
						<line number="45" hits="1"/>
						<line number="46" hits="1"/>
						<line number="47" hits="1"/>
						<line number="50" hits="1"/>
						<line number="52" hits="1"/>
						<line number="54" hits="1"/>
						<line number="55" hits="1"/>
						<line number="56" hits="1"/>
						<line number="57" hits="1"/>
						<line number="60" hits="1"/>
						<line number="62" hits="1"/>
						<line number="64" hits="1"/>
						<line number="65" hits="1"/>
						<line number="66" hits="1"/>
						<line number="67" hits="1"/>
						<line number="68" hits="1"/>
						<line number="69" hits="1"/>
						<line number="70" hits="1"/>
						<line number="73" hits="1"/>
						<line number="83" hits="1"/>
						<line number="85" hits="1"/>
						<line number="86" hits="1"/>
						<line number="87" hits="1"/>
						<line number="88" hits="1"/>
						<line number="89" hits="1"/>
						<line number="90" hits="1"/>
						<line number="92" hits="1"/>
						<line number="93" hits="1"/>
						<line number="94" hits="1"/>
						<line number="95" hits="1"/>
						<line number="97" hits="1"/>
						<line number="100" hits="1"/>
						<line number="101" hits="1"/>
						<line number="102" hits="1"/>
						<line number="103" hits="1"/>
						<line number="104" hits="1"/>
						<line number="106" hits="1"/>
						<line number="107" hits="1"/>
						<line number="108" hits="1"/>
						<line number="110" hits="1"/>
						<line number="111" hits="1"/>
						<line number="112" hits="1"/>
						<line number="113" hits="1"/>
						<line number="115" hits="1"/>
						<line number="116" hits="1"/>
						<line number="117" hits="1"/>
						<line number="118" hits="1"/>
						<line number="119" hits="1"/>
						<line number="120" hits="1"/>
						<line number="121" hits="1"/>
						<line number="122" hits="1"/>
						<line number="123" hits="1"/>
						<line number="124" hits="1"/>
						<line number="125" hits="1"/>
						<line number="126" hits="1"/>
						<line number="127" hits="1"/>
						<line number="128" hits="1"/>
						<line number="131" hits="1"/>
						<line number="133" hits="1"/>
						<line number="135" hits="1"/>
						<line number="136" hits="1"/>
						<line number="137" hits="1"/>
						<line number="139" hits="1"/>
						<line number="140" hits="1"/>
						<line number="141" hits="1"/>
						<line number="142" hits="1"/>
						<line number="143" hits="1"/>
						<line number="144" hits="1"/>
						<line number="145" hits="1"/>
						<line number="146" hits="1"/>
						<line number="147" hits="1"/>
						<line number="149" hits="1"/>
						<line number="150" hits="1"/>
						<line number="151" hits="1"/>
						<line number="153" hits="1"/>
						<line number="154" hits="1"/>
						<line number="156" hits="1"/>
						<line number="158" hits="1"/>
						<line number="160" hits="1"/>
						<line number="162" hits="1"/>
						<line number="163" hits="1"/>
						<line number="165" hits="1"/>
						<line number="167" hits="1"/>
						<line number="168" hits="1"/>
						<line number="170" hits="1"/>
						<line number="171" hits="1"/>
						<line number="172" hits="1"/>
						<line number="173" hits="1"/>
						<line number="176" hits="1"/>
					</lines>
				</class>
				<class name="utilitaire_test.py" filename="utilitaire_test.py" complexity="0" line-rate="0.3968" branch-rate="0.1667">
					<methods/>
					<lines>
						<line number="4" hits="1"/>
						<line number="5" hits="1"/>
						<line number="6" hits="1"/>
						<line number="7" hits="1"/>
						<line number="9" hits="1"/>
						<line number="10" hits="1"/>
						<line number="11" hits="1"/>
						<line number="13" hits="1"/>
						<line number="15" hits="1"/>
						<line number="16" hits="1"/>
						<line number="17" hits="1"/>
						<line number="18" hits="1"/>
						<line number="19" hits="1"/>
						<line number="20" hits="1"/>
						<line number="21" hits="1" branch="true" condition-coverage="50% (1/2)" missing-branches="22"/>
						<line number="22" hits="0"/>
						<line number="23" hits="0"/>
						<line number="24" hits="1" branch="true" condition-coverage="50% (1/2)" missing-branches="25"/>
						<line number="25" hits="0"/>
						<line number="26" hits="0" branch="true" condition-coverage="0% (0/2)" missing-branches="27,28"/>
						<line number="27" hits="0"/>
						<line number="28" hits="0"/>
						<line number="30" hits="1"/>
						<line number="33" hits="0"/>
						<line number="34" hits="0"/>
						<line number="35" hits="0"/>
						<line number="36" hits="0" branch="true" condition-coverage="0% (0/2)" missing-branches="37,39"/>
						<line number="37" hits="0"/>
						<line number="38" hits="0"/>
						<line number="39" hits="0" branch="true" condition-coverage="0% (0/2)" missing-branches="40,41"/>
						<line number="40" hits="0"/>
						<line number="41" hits="0"/>
						<line number="43" hits="1"/>
						<line number="49" hits="1"/>
						<line number="50" hits="0"/>
						<line number="51" hits="0"/>
						<line number="52" hits="0"/>
						<line number="53" hits="0"/>
						<line number="54" hits="0"/>
						<line number="55" hits="0"/>
						<line number="56" hits="0"/>
						<line number="57" hits="0"/>
						<line number="59" hits="1"/>
						<line number="61" hits="0"/>
						<line number="62" hits="0"/>
						<line number="64" hits="1"/>
						<line number="66" hits="0"/>
						<line number="68" hits="1"/>
						<line number="70" hits="0"/>
						<line number="72" hits="1"/>
						<line number="74" hits="0"/>
						<line number="76" hits="1"/>
						<line number="78" hits="0"/>
						<line number="80" hits="1" branch="true" condition-coverage="50% (1/2)" missing-branches="81"/>
						<line number="81" hits="0" branch="true" condition-coverage="0% (0/2)" missing-branches="82,90"/>
						<line number="82" hits="0"/>
						<line number="83" hits="0"/>
						<line number="84" hits="0"/>
						<line number="85" hits="0" branch="true" condition-coverage="0% (0/2)" missing-branches="exit,86"/>
						<line number="86" hits="0"/>
						<line number="87" hits="0" branch="true" condition-coverage="0% (0/2)" missing-branches="exit,88"/>
						<line number="88" hits="0"/>
						<line number="90" hits="0"/>
					</lines>
				</class>
				<class name="window.py" filename="window.py" complexity="0" line-rate="0" branch-rate="0">
					<methods/>
					<lines>
						<line number="3" hits="0"/>
						<line number="4" hits="0"/>
						<line number="5" hits="0"/>
						<line number="6" hits="0"/>
						<line number="7" hits="0"/>
						<line number="8" hits="0"/>
						<line number="9" hits="0"/>
						<line number="10" hits="0"/>
						<line number="11" hits="0"/>
						<line number="13" hits="0"/>
						<line number="16" hits="0"/>
						<line number="17" hits="0"/>
						<line number="20" hits="0"/>
						<line number="24" hits="0"/>
						<line number="26" hits="0"/>
						<line number="28" hits="0"/>
						<line number="29" hits="0"/>
						<line number="30" hits="0"/>
						<line number="31" hits="0"/>
						<line number="34" hits="0"/>
						<line number="35" hits="0"/>
						<line number="38" hits="0"/>
						<line number="39" hits="0"/>
						<line number="40" hits="0"/>
						<line number="41" hits="0"/>
						<line number="42" hits="0"/>
						<line number="43" hits="0"/>
						<line number="44" hits="0"/>
						<line number="45" hits="0"/>
						<line number="46" hits="0"/>
						<line number="47" hits="0"/>
						<line number="48" hits="0"/>
						<line number="49" hits="0"/>
						<line number="50" hits="0"/>
						<line number="51" hits="0"/>
						<line number="52" hits="0"/>
						<line number="55" hits="0"/>
						<line number="56" hits="0"/>
						<line number="59" hits="0"/>
						<line number="60" hits="0"/>
						<line number="61" hits="0"/>
						<line number="62" hits="0"/>
						<line number="64" hits="0"/>
						<line number="66" hits="0"/>
						<line number="67" hits="0"/>
						<line number="69" hits="0"/>
						<line number="71" hits="0"/>
						<line number="72" hits="0"/>
						<line number="73" hits="0"/>
						<line number="75" hits="0"/>
						<line number="77" hits="0"/>
						<line number="78" hits="0"/>
						<line number="79" hits="0"/>
						<line number="81" hits="0"/>
						<line number="83" hits="0"/>
						<line number="84" hits="0"/>
						<line number="86" hits="0"/>
						<line number="88" hits="0"/>
						<line number="91" hits="0"/>
						<line number="92" hits="0"/>
						<line number="93" hits="0"/>
						<line number="94" hits="0"/>
						<line number="95" hits="0"/>
						<line number="98" hits="0"/>
						<line number="99" hits="0"/>
						<line number="100" hits="0"/>
						<line number="101" hits="0"/>
						<line number="104" hits="0"/>
						<line number="105" hits="0"/>
						<line number="106" hits="0"/>
						<line number="109" hits="0"/>
						<line number="110" hits="0"/>
						<line number="111" hits="0"/>
						<line number="112" hits="0"/>
						<line number="115" hits="0"/>
						<line number="116" hits="0"/>
						<line number="117" hits="0"/>
						<line number="118" hits="0"/>
						<line number="120" hits="0"/>
						<line number="123" hits="0"/>
						<line number="124" hits="0"/>
						<line number="125" hits="0"/>
						<line number="126" hits="0"/>
						<line number="129" hits="0"/>
						<line number="130" hits="0"/>
						<line number="131" hits="0"/>
						<line number="132" hits="0"/>
						<line number="136" hits="0"/>
						<line number="139" hits="0"/>
						<line number="141" hits="0"/>
						<line number="143" hits="0"/>
						<line number="144" hits="0"/>
						<line number="146" hits="0"/>
						<line number="148" hits="0"/>
						<line number="149" hits="0"/>
						<line number="150" hits="0"/>
						<line number="152" hits="0"/>
						<line number="154" hits="0"/>
						<line number="156" hits="0"/>
						<line number="157" hits="0"/>
						<line number="159" hits="0" branch="true" condition-coverage="0% (0/2)" missing-branches="160,166"/>
						<line number="160" hits="0"/>
						<line number="161" hits="0"/>
						<line number="162" hits="0"/>
						<line number="163" hits="0"/>
						<line number="164" hits="0"/>
						<line number="166" hits="0"/>
						<line number="167" hits="0"/>
						<line number="168" hits="0"/>
						<line number="169" hits="0"/>
						<line number="170" hits="0"/>
						<line number="172" hits="0"/>
						<line number="175" hits="0"/>
						<line number="176" hits="0"/>
						<line number="177" hits="0"/>
						<line number="178" hits="0"/>
						<line number="181" hits="0"/>
						<line number="183" hits="0"/>
						<line number="185" hits="0" branch="true" condition-coverage="0% (0/2)" missing-branches="186,190"/>
						<line number="186" hits="0" branch="true" condition-coverage="0% (0/2)" missing-branches="187,189"/>
						<line number="187" hits="0"/>
						<line number="189" hits="0"/>
						<line number="190" hits="0"/>
						<line number="192" hits="0"/>
						<line number="193" hits="0"/>
						<line number="194" hits="0"/>
						<line number="195" hits="0"/>
						<line number="197" hits="0" branch="true" condition-coverage="0% (0/2)" missing-branches="198,212"/>
						<line number="198" hits="0"/>
						<line number="199" hits="0"/>
						<line number="201" hits="0"/>
						<line number="202" hits="0"/>
						<line number="204" hits="0" branch="true" condition-coverage="0% (0/2)" missing-branches="205,208"/>
						<line number="205" hits="0"/>
						<line number="206" hits="0"/>
						<line number="208" hits="0"/>
						<line number="209" hits="0"/>
						<line number="210" hits="0"/>
						<line number="212" hits="0"/>
						<line number="214" hits="0"/>
						<line number="215" hits="0"/>
						<line number="218" hits="0" branch="true" condition-coverage="0% (0/2)" missing-branches="exit,219"/>
						<line number="219" hits="0"/>
						<line number="220" hits="0"/>
						<line number="222" hits="0"/>
						<line number="223" hits="0"/>
						<line number="225" hits="0" branch="true" condition-coverage="0% (0/2)" missing-branches="exit,226"/>
						<line number="226" hits="0"/>
						<line number="227" hits="0"/>
						<line number="228" hits="0"/>
						<line number="230" hits="0"/>
						<line number="231" hits="0"/>
						<line number="233" hits="0"/>
						<line number="234" hits="0" branch="true" condition-coverage="0% (0/2)" missing-branches="exit,235"/>
						<line number="235" hits="0"/>
						<line number="236" hits="0"/>
						<line number="237" hits="0"/>
						<line number="239" hits="0"/>
						<line number="240" hits="0"/>
						<line number="242" hits="0"/>
						<line number="243" hits="0"/>
						<line number="244" hits="0"/>
						<line number="245" hits="0"/>
						<line number="246" hits="0"/>
						<line number="247" hits="0"/>
						<line number="249" hits="0"/>
						<line number="251" hits="0"/>
						<line number="252" hits="0"/>
						<line number="253" hits="0"/>
						<line number="254" hits="0"/>
						<line number="255" hits="0"/>
					</lines>
				</class>
			</classes>
		</package>
	</packages>
</coverage>
